<component name="libraryTable">
  <library name="junit.jupiter" type="repository">
    <properties maven-id="org.junit.jupiter:junit-jupiter:5.8.2">
      <exclude>
        <dependency maven-id="org.apiguardian:apiguardian-api" />
        <dependency maven-id="org.junit.jupiter:junit-jupiter-api" />
        <dependency maven-id="org.junit.jupiter:junit-jupiter-engine" />
        <dependency maven-id="org.junit.jupiter:junit-jupiter-params" />
        <dependency maven-id="org.junit.jupiter:junit-jupiter" />
        <dependency maven-id="org.junit.platform:junit-platform-commons" />
        <dependency maven-id="org.junit.platform:junit-platform-engine" />
        <dependency maven-id="org.opentest4j:opentest4j" />
      </exclude>
    </properties>
    <CLASSES />
    <JAVADOC />
    <SOURCES />
  </library>
</component>